{
  "RSpec": {
    "coverage": {
      "/Users/chiuzuchilumbu/Documents/project/comfywings_api/api_comfywings/require_app.rb": {
        "lines": [
          null,
          null,
          null,
          null,
          null,
          null,
          null,
          null,
          1,
          5,
          1,
          null,
          1,
          45,
          null,
          null
        ]
      },
      "/Users/chiuzuchilumbu/Documents/project/comfywings_api/api_comfywings/config/environment.rb": {
        "lines": [
          null,
          null,
          1,
          1,
          1,
          1,
          1,
          1,
          1,
          null,
          1,
          null,
          1,
          1,
          null,
          null,
          1,
          null,
          1,
          null,
          null,
          null,
          1,
          null,
          1,
          null,
          1,
          null,
          1,
          1,
          null,
          null,
          null,
          1,
          null,
          1,
          null,
          null,
          1,
          1,
          null,
          null,
          null,
          null
        ]
      },
      "/Users/chiuzuchilumbu/Documents/project/comfywings_api/api_comfywings/app/infrastructure/database/airport_orm.rb": {
        "lines": [
          null,
          null,
          1,
          1,
          null,
          1,
          1,
          null,
          null,
          1,
          null,
          null,
          null,
          1,
          1240,
          null,
          null,
          null,
          null
        ]
      },
      "/Users/chiuzuchilumbu/Documents/project/comfywings_api/api_comfywings/app/infrastructure/database/currency_orm.rb": {
        "lines": [
          null,
          null,
          1,
          null,
          1,
          1,
          null,
          1,
          1,
          null,
          null,
          null,
          1,
          117,
          null,
          null,
          null,
          null
        ]
      },
      "/Users/chiuzuchilumbu/Documents/project/comfywings_api/api_comfywings/app/infrastructure/database/flight_orm.rb": {
        "lines": [
          null,
          null,
          1,
          null,
          1,
          1,
          null,
          1,
          1,
          null,
          1,
          null,
          1,
          null,
          null,
          1,
          null,
          null,
          null
        ]
      },
      "/Users/chiuzuchilumbu/Documents/project/comfywings_api/api_comfywings/app/infrastructure/database/trip_orm.rb": {
        "lines": [
          null,
          null,
          1,
          null,
          1,
          1,
          null,
          1,
          1,
          null,
          null,
          1,
          null,
          1,
          null,
          1,
          null,
          null,
          1,
          null,
          1,
          0,
          null,
          null,
          null,
          null
        ]
      },
      "/Users/chiuzuchilumbu/Documents/project/comfywings_api/api_comfywings/app/infrastructure/database/trip_query_orm.rb": {
        "lines": [
          null,
          null,
          1,
          null,
          1,
          1,
          null,
          1,
          1,
          null,
          null,
          1,
          null,
          null,
          null
        ]
      },
      "/Users/chiuzuchilumbu/Documents/project/comfywings_api/api_comfywings/app/infrastructure/gateways/amadeus_api.rb": {
        "lines": [
          null,
          null,
          1,
          1,
          null,
          1,
          null,
          1,
          null,
          1,
          1,
          7,
          7,
          null,
          null,
          1,
          2,
          2,
          null,
          null,
          1,
          8,
          5,
          null,
          null,
          1,
          1,
          1,
          null,
          null,
          1,
          7,
          4,
          null,
          null,
          null,
          1,
          1,
          null,
          1,
          10,
          10,
          null,
          null,
          1,
          2,
          2,
          null,
          null,
          null,
          2,
          2,
          null,
          null,
          null,
          1,
          8,
          8,
          null,
          null,
          null,
          null,
          8,
          8,
          null,
          null,
          null,
          1,
          null,
          1,
          18,
          null,
          null,
          1,
          2,
          null,
          null,
          null,
          1,
          null,
          10,
          null,
          null,
          null,
          10,
          null,
          10,
          null,
          null,
          null,
          null,
          1,
          null,
          1,
          null,
          1,
          null,
          1,
          null,
          null,
          1,
          null,
          null,
          null,
          null,
          1,
          10,
          null,
          null,
          1,
          3,
          null,
          null,
          null,
          null,
          null
        ]
      },
      "/Users/chiuzuchilumbu/Documents/project/comfywings_api/api_comfywings/app/domain/entities/airport.rb": {
        "lines": [
          null,
          null,
          1,
          1,
          null,
          1,
          1,
          null,
          1,
          1,
          null,
          1,
          1,
          1,
          1,
          1,
          null,
          1,
          1240,
          null,
          null,
          null,
          null
        ]
      },
      "/Users/chiuzuchilumbu/Documents/project/comfywings_api/api_comfywings/app/domain/entities/currency.rb": {
        "lines": [
          null,
          null,
          1,
          1,
          null,
          1,
          1,
          null,
          1,
          1,
          null,
          1,
          1,
          1,
          null,
          1,
          117,
          null,
          null,
          null,
          null
        ]
      },
      "/Users/chiuzuchilumbu/Documents/project/comfywings_api/api_comfywings/app/domain/entities/flight.rb": {
        "lines": [
          null,
          null,
          1,
          1,
          1,
          1,
          null,
          1,
          1,
          null,
          1,
          1,
          null,
          1,
          1,
          1,
          1,
          1,
          1,
          1,
          1,
          1,
          1,
          1,
          null,
          1,
          504,
          null,
          null,
          1,
          256,
          null,
          null,
          null,
          null
        ]
      },
      "/Users/chiuzuchilumbu/Documents/project/comfywings_api/api_comfywings/app/domain/entities/trip.rb": {
        "lines": [
          null,
          null,
          1,
          1,
          null,
          1,
          1,
          null,
          1,
          1,
          null,
          1,
          1,
          1,
          1,
          1,
          1,
          1,
          1,
          1,
          1,
          null,
          1,
          60,
          null,
          null,
          1,
          177,
          null,
          null,
          1,
          59,
          null,
          null,
          1,
          59,
          null,
          null,
          1,
          60,
          null,
          null,
          1,
          177,
          null,
          null,
          1,
          59,
          null,
          null,
          1,
          59,
          null,
          null,
          1,
          58,
          null,
          null,
          1,
          0,
          null,
          null,
          1,
          116,
          null,
          null,
          null,
          null
        ]
      },
      "/Users/chiuzuchilumbu/Documents/project/comfywings_api/api_comfywings/app/domain/entities/trip_query.rb": {
        "lines": [
          null,
          null,
          1,
          1,
          1,
          null,
          1,
          null,
          1,
          null,
          1,
          1,
          null,
          1,
          1,
          1,
          1,
          1,
          1,
          1,
          1,
          1,
          1,
          1,
          null,
          1,
          0,
          null,
          null,
          1,
          null,
          2,
          null,
          2,
          null,
          null,
          null,
          null,
          null,
          1,
          1,
          null,
          null,
          1,
          null,
          1,
          null,
          2,
          null,
          null,
          null,
          null,
          null,
          null,
          null,
          null,
          1,
          null,
          2,
          null,
          null,
          null,
          null,
          null,
          null,
          null,
          null,
          1,
          2,
          null,
          null,
          1,
          4,
          null,
          null,
          1,
          6,
          null,
          null,
          null,
          1,
          0,
          null,
          null,
          null
        ]
      },
      "/Users/chiuzuchilumbu/Documents/project/comfywings_api/api_comfywings/app/domain/mappers/airport_mapper.rb": {
        "lines": [
          null,
          null,
          1,
          1,
          1,
          1,
          null,
          null,
          1,
          1,
          null,
          1,
          null,
          1,
          1,
          2,
          2,
          2,
          2,
          null,
          null,
          1,
          1,
          null,
          null,
          1,
          4,
          null,
          null,
          1,
          0,
          null,
          null,
          null,
          1,
          1,
          0,
          null,
          null,
          1,
          0,
          null,
          null,
          null,
          null,
          null,
          1,
          0,
          null,
          null,
          1,
          0,
          null,
          null,
          null,
          null
        ]
      },
      "/Users/chiuzuchilumbu/Documents/project/comfywings_api/api_comfywings/app/domain/mappers/auth_token.rb": {
        "lines": [
          null,
          null,
          1,
          1,
          1,
          null,
          null,
          1,
          null,
          1,
          2,
          null,
          null,
          null,
          1,
          null,
          1,
          null,
          null,
          null,
          1,
          null,
          1,
          null,
          null,
          null,
          1,
          1,
          null,
          null,
          1,
          0,
          null
        ]
      },
      "/Users/chiuzuchilumbu/Documents/project/comfywings_api/api_comfywings/app/domain/mappers/flight_mapper.rb": {
        "lines": [
          null,
          null,
          1,
          1,
          null,
          1,
          1,
          232,
          504,
          null,
          null,
          null,
          1,
          504,
          null,
          null,
          null,
          1,
          1,
          504,
          504,
          504,
          504,
          null,
          null,
          1,
          504,
          null,
          null,
          null,
          null,
          null,
          null,
          null,
          null,
          null,
          null,
          null,
          null,
          null,
          null,
          1,
          null,
          1,
          504,
          504,
          null,
          null,
          1,
          504,
          504,
          null,
          null,
          1,
          504,
          null,
          null,
          1,
          504,
          504,
          null,
          null,
          1,
          504,
          null,
          null,
          1,
          504,
          null,
          null,
          1,
          504,
          null,
          null,
          1,
          504,
          2760,
          504,
          null,
          null,
          1,
          504,
          null,
          null,
          null,
          null,
          null
        ]
      },
      "/Users/chiuzuchilumbu/Documents/project/comfywings_api/api_comfywings/app/domain/mappers/trip_mapper.rb": {
        "lines": [
          null,
          null,
          null,
          null,
          1,
          1,
          null,
          1,
          1,
          2,
          2,
          2,
          2,
          null,
          null,
          1,
          2,
          2,
          2,
          116,
          null,
          null,
          null,
          1,
          116,
          null,
          null,
          null,
          1,
          1,
          116,
          116,
          116,
          116,
          null,
          null,
          1,
          116,
          null,
          null,
          null,
          null,
          null,
          null,
          null,
          null,
          null,
          null,
          null,
          null,
          null,
          1,
          116,
          116,
          null,
          null,
          1,
          116,
          null,
          null,
          1,
          116,
          116,
          null,
          null,
          1,
          116,
          116,
          null,
          null,
          1,
          116,
          null,
          null,
          1,
          116,
          null,
          null,
          1,
          116,
          null,
          null,
          1,
          348,
          null,
          null,
          1,
          116,
          116,
          116,
          null,
          null,
          1,
          232,
          232,
          null,
          null,
          null,
          null,
          null,
          null,
          null,
          null,
          null
        ]
      },
      "/Users/chiuzuchilumbu/Documents/project/comfywings_api/api_comfywings/app/domain/repositories/airports.rb": {
        "lines": [
          null,
          null,
          1,
          1,
          null,
          1,
          1,
          0,
          null,
          null,
          1,
          1241,
          null,
          null,
          1,
          1,
          null,
          null,
          1,
          0,
          null,
          null,
          1,
          8360,
          null,
          8360,
          null,
          null,
          null,
          null,
          null,
          null,
          null,
          null,
          1,
          1,
          5879,
          null,
          null,
          null,
          1,
          1240,
          null,
          null,
          null,
          null
        ]
      },
      "/Users/chiuzuchilumbu/Documents/project/comfywings_api/api_comfywings/app/domain/repositories/currencies.rb": {
        "lines": [
          null,
          null,
          1,
          null,
          1,
          1,
          null,
          1,
          1,
          0,
          null,
          null,
          1,
          118,
          null,
          null,
          1,
          2,
          null,
          null,
          1,
          247,
          null,
          247,
          null,
          null,
          null,
          null,
          null,
          null,
          1,
          2,
          8,
          null,
          null,
          null,
          1,
          117,
          null,
          null,
          null,
          null
        ]
      },
      "/Users/chiuzuchilumbu/Documents/project/comfywings_api/api_comfywings/app/domain/repositories/flights.rb": {
        "lines": [
          null,
          null,
          1,
          null,
          1,
          1,
          null,
          1,
          1,
          504,
          null,
          null,
          1,
          504,
          null,
          null,
          1,
          504,
          null,
          504,
          null,
          504,
          504,
          null,
          504,
          504,
          504,
          null,
          null,
          1,
          1008,
          null,
          504,
          null,
          null,
          null,
          null,
          null,
          null,
          null,
          1,
          116,
          504,
          null,
          null,
          null,
          null,
          null
        ]
      },
      "/Users/chiuzuchilumbu/Documents/project/comfywings_api/api_comfywings/app/domain/repositories/trips.rb": {
        "lines": [
          null,
          null,
          1,
          1,
          1,
          null,
          1,
          1,
          null,
          1,
          1,
          116,
          null,
          null,
          1,
          116,
          null,
          null,
          1,
          0,
          null,
          null,
          null,
          1,
          116,
          116,
          116,
          null,
          116,
          116,
          116,
          null,
          null,
          null,
          1,
          116,
          null,
          116,
          null,
          116,
          null,
          116,
          504,
          504,
          null,
          null,
          116,
          null,
          null,
          1,
          2,
          116,
          null,
          null,
          null,
          1,
          232,
          null,
          116,
          null,
          null,
          null,
          null,
          null,
          null,
          null,
          null,
          null,
          1,
          0,
          0,
          null,
          null,
          null,
          1,
          0,
          null,
          null,
          null,
          null
        ]
      },
      "/Users/chiuzuchilumbu/Documents/project/comfywings_api/api_comfywings/app/domain/repositories/for.rb": {
        "lines": [
          null,
          null,
          1,
          1,
          1,
          null,
          1,
          1,
          null,
          1,
          null,
          1,
          null,
          null,
          null,
          null,
          null,
          null,
          1,
          1368,
          null,
          null,
          1,
          1,
          null,
          null,
          null,
          null
        ]
      },
      "/Users/chiuzuchilumbu/Documents/project/comfywings_api/api_comfywings/app/domain/repositories/trip_queries.rb": {
        "lines": [
          null,
          null,
          1,
          1,
          null,
          1,
          1,
          null,
          1,
          1,
          1,
          null,
          null,
          1,
          5,
          null,
          null,
          1,
          1,
          null,
          null,
          1,
          1,
          null,
          1,
          1,
          1,
          1,
          null,
          null,
          1,
          7,
          null,
          5,
          null,
          null,
          null,
          null,
          null,
          null,
          1,
          0,
          0,
          null,
          null,
          null,
          null,
          null
        ]
      },
      "/Users/chiuzuchilumbu/Documents/project/comfywings_api/api_comfywings/app/presentation/representers/airport_representers.rb": {
        "lines": [
          null,
          null,
          1,
          1,
          null,
          1,
          1,
          null,
          1,
          1,
          null,
          1,
          1,
          1,
          1,
          null,
          null,
          null
        ]
      },
      "/Users/chiuzuchilumbu/Documents/project/comfywings_api/api_comfywings/app/presentation/representers/currencies_representer.rb": {
        "lines": [
          null,
          null,
          1,
          1,
          null,
          1,
          1,
          null,
          1,
          1,
          null,
          1,
          1,
          null,
          1,
          null,
          null,
          null
        ]
      },
      "/Users/chiuzuchilumbu/Documents/project/comfywings_api/api_comfywings/app/presentation/representers/openstruct_with_links.rb": {
        "lines": [
          null,
          null,
          1,
          1,
          null,
          1,
          1,
          null,
          null,
          null
        ]
      },
      "/Users/chiuzuchilumbu/Documents/project/comfywings_api/api_comfywings/app/presentation/representers/currency_representer.rb": {
        "lines": [
          null,
          null,
          1,
          1,
          null,
          1,
          1,
          null,
          1,
          1,
          null,
          1,
          1,
          null,
          null,
          null
        ]
      },
      "/Users/chiuzuchilumbu/Documents/project/comfywings_api/api_comfywings/app/presentation/representers/flight_representer.rb": {
        "lines": [
          null,
          null,
          1,
          1,
          null,
          1,
          1,
          null,
          1,
          1,
          null,
          1,
          1,
          1,
          1,
          1,
          1,
          1,
          1,
          null,
          null,
          null
        ]
      },
      "/Users/chiuzuchilumbu/Documents/project/comfywings_api/api_comfywings/app/presentation/representers/http_response_representer.rb": {
        "lines": [
          null,
          null,
          1,
          1,
          null,
          1,
          1,
          null,
          null,
          null,
          null,
          null,
          1,
          1,
          null,
          1,
          1,
          null,
          1,
          null,
          null,
          null,
          null,
          null,
          null,
          null,
          null,
          null,
          null,
          null,
          null,
          null,
          null,
          1,
          3,
          null,
          null,
          null,
          null
        ]
      },
      "/Users/chiuzuchilumbu/Documents/project/comfywings_api/api_comfywings/app/presentation/representers/trip_query_representer.rb": {
        "lines": [
          null,
          null,
          1,
          1,
          null,
          1,
          null,
          1,
          1,
          null,
          1,
          1,
          1,
          1,
          null,
          1,
          1,
          1,
          1,
          1,
          1,
          1,
          1,
          1,
          1,
          null,
          null,
          null,
          null,
          null,
          null
        ]
      },
      "/Users/chiuzuchilumbu/Documents/project/comfywings_api/api_comfywings/app/presentation/representers/trip_representer.rb": {
        "lines": [
          null,
          null,
          1,
          1,
          null,
          1,
          null,
          1,
          1,
          null,
          1,
          1,
          1,
          1,
          null,
          1,
          1,
          1,
          1,
          1,
          1,
          1,
          1,
          1,
          1,
          1,
          1,
          1,
          1,
          null,
          null,
          null,
          null,
          null,
          null
        ]
      },
      "/Users/chiuzuchilumbu/Documents/project/comfywings_api/api_comfywings/app/presentation/representers/trips_representer.rb": {
        "lines": [
          null,
          null,
          1,
          1,
          null,
          1,
          1,
          null,
          1,
          1,
          null,
          1,
          1,
          null,
          1,
          null,
          null,
          null
        ]
      },
      "/Users/chiuzuchilumbu/Documents/project/comfywings_api/api_comfywings/app/presentation/responses/airport_list.rb": {
        "lines": [
          null,
          null,
          1,
          1,
          null,
          1,
          null,
          null
        ]
      },
      "/Users/chiuzuchilumbu/Documents/project/comfywings_api/api_comfywings/app/presentation/responses/api_result.rb": {
        "lines": [
          null,
          null,
          1,
          1,
          1,
          null,
          null,
          null,
          1,
          null,
          null,
          null,
          null,
          1,
          null,
          null,
          1,
          1,
          3,
          null,
          3,
          null,
          null,
          null,
          null
        ]
      },
      "/Users/chiuzuchilumbu/Documents/project/comfywings_api/api_comfywings/app/presentation/responses/currency_list.rb": {
        "lines": [
          null,
          null,
          1,
          1,
          null,
          1,
          null,
          null
        ]
      },
      "/Users/chiuzuchilumbu/Documents/project/comfywings_api/api_comfywings/app/presentation/responses/trips_list.rb": {
        "lines": [
          null,
          null,
          1,
          1,
          null,
          1,
          null,
          null
        ]
      },
      "/Users/chiuzuchilumbu/Documents/project/comfywings_api/api_comfywings/app/presentation/view_objects/flight.rb": {
        "lines": [
          null,
          null,
          1,
          null,
          1,
          1,
          0,
          null,
          null,
          1,
          0,
          null,
          null,
          1,
          0,
          null,
          null,
          1,
          0,
          null,
          null,
          1,
          0,
          null,
          null,
          1,
          0,
          null,
          null,
          null
        ]
      },
      "/Users/chiuzuchilumbu/Documents/project/comfywings_api/api_comfywings/app/application/controllers/app.rb": {
        "lines": [
          null,
          null,
          1,
          1,
          1,
          null,
          null,
          1,
          null,
          1,
          null,
          1,
          1,
          1,
          1,
          1,
          1,
          null,
          1,
          null,
          null,
          1,
          3,
          3,
          null,
          null,
          3,
          0,
          null,
          0,
          null,
          null,
          null,
          0,
          0,
          null,
          null,
          3,
          1,
          1,
          null,
          1,
          0,
          0,
          null,
          null,
          1,
          1,
          null,
          1,
          null,
          null,
          null,
          null,
          null,
          2,
          0,
          0,
          0,
          null,
          0,
          0,
          0,
          null,
          null,
          0,
          0,
          null,
          0,
          null,
          null,
          null,
          null,
          null,
          2,
          null,
          0,
          0,
          0,
          0,
          0,
          0,
          0,
          null,
          0,
          null,
          null,
          null,
          null,
          null,
          null,
          null,
          2,
          2,
          2,
          null,
          2,
          2,
          2,
          1,
          1,
          null,
          1,
          1,
          null,
          1,
          null,
          null,
          null,
          null,
          null,
          null,
          0,
          null,
          0,
          0,
          0,
          null,
          0,
          0,
          0,
          null,
          null,
          0,
          0,
          0,
          null,
          null,
          null,
          null,
          null,
          null
        ]
      },
      "/Users/chiuzuchilumbu/Documents/project/comfywings_api/api_comfywings/app/application/requests/airport.rb": {
        "lines": [
          null,
          null,
          1,
          1,
          null,
          1,
          1,
          null,
          1,
          1,
          null,
          1,
          0,
          null,
          null,
          null,
          1,
          0,
          null,
          null,
          null,
          0,
          null,
          null,
          null,
          null,
          null,
          null,
          null,
          null,
          null
        ]
      },
      "/Users/chiuzuchilumbu/Documents/project/comfywings_api/api_comfywings/app/application/requests/currency.rb": {
        "lines": [
          null,
          null,
          1,
          1,
          null,
          1,
          1,
          null,
          1,
          1,
          null,
          1,
          0,
          null,
          null,
          null,
          1,
          0,
          null,
          null,
          null,
          0,
          null,
          null,
          null,
          null,
          null,
          null,
          null,
          null,
          null
        ]
      },
      "/Users/chiuzuchilumbu/Documents/project/comfywings_api/api_comfywings/app/application/requests/new_trip_query.rb": {
        "lines": [
          null,
          null,
          1,
          1,
          null,
          1,
          1,
          null,
          1,
          1,
          null,
          1,
          0,
          null,
          null,
          null,
          1,
          0,
          null,
          null,
          null,
          0,
          null,
          null,
          null,
          null,
          null,
          null,
          null,
          null,
          null
        ]
      },
      "/Users/chiuzuchilumbu/Documents/project/comfywings_api/api_comfywings/app/application/services/add_trip_query.rb": {
        "lines": [
          null,
          null,
          1,
          1,
          null,
          1,
          1,
          null,
          1,
          1,
          null,
          1,
          1,
          null,
          1,
          null,
          1,
          null,
          1,
          0,
          0,
          0,
          null,
          0,
          null,
          null,
          null,
          1,
          0,
          0,
          null,
          0,
          null,
          0,
          0,
          null,
          null,
          1,
          0,
          0,
          null,
          null,
          1,
          0,
          0,
          0,
          null,
          null,
          null,
          null,
          null,
          null,
          null,
          null,
          null,
          null,
          null,
          null,
          null,
          null,
          null,
          null
        ]
      },
      "/Users/chiuzuchilumbu/Documents/project/comfywings_api/api_comfywings/app/application/services/find_trips.rb": {
        "lines": [
          null,
          null,
          1,
          1,
          null,
          1,
          1,
          null,
          1,
          1,
          null,
          1,
          1,
          null,
          1,
          0,
          0,
          0,
          null,
          0,
          0,
          null,
          null,
          0,
          null,
          null,
          null,
          1,
          null,
          0,
          0,
          null,
          0,
          null,
          0,
          null,
          0,
          0,
          null,
          null,
          1,
          0,
          0,
          null,
          null,
          1,
          0,
          0,
          0,
          null,
          null,
          null,
          null,
          null,
          null,
          null,
          null,
          null,
          null,
          null,
          null,
          null,
          null,
          1,
          0,
          0,
          null,
          null,
          1,
          0,
          null,
          null,
          null,
          null
        ]
      },
      "/Users/chiuzuchilumbu/Documents/project/comfywings_api/api_comfywings/app/application/services/retrieve_currencies.rb": {
        "lines": [
          null,
          null,
          1,
          1,
          null,
          1,
          1,
          null,
          1,
          1,
          null,
          1,
          null,
          1,
          null,
          1,
          1,
          null,
          1,
          1,
          1,
          1,
          1,
          null,
          0,
          null,
          null,
          null,
          null
        ]
      },
      "/Users/chiuzuchilumbu/Documents/project/comfywings_api/api_comfywings/app/application/services/search_airport.rb": {
        "lines": [
          null,
          null,
          1,
          1,
          null,
          1,
          1,
          null,
          1,
          1,
          null,
          1,
          null,
          1,
          null,
          1,
          1,
          null,
          1,
          null,
          null,
          0,
          null,
          0,
          0,
          null,
          0,
          null,
          null,
          0,
          0,
          null,
          null,
          null,
          null
        ]
      },
      "/Users/chiuzuchilumbu/Documents/project/comfywings_api/api_comfywings/app/application/services/search_trips.rb": {
        "lines": [
          null,
          null,
          1,
          1,
          null,
          1,
          1,
          null,
          1,
          1,
          null,
          1,
          1,
          1,
          null,
          1,
          null,
          1,
          1,
          1,
          null,
          1,
          2,
          2,
          1,
          null,
          1,
          null,
          null,
          0,
          0,
          null,
          null,
          1,
          1,
          0,
          null,
          1,
          null,
          null,
          0,
          0,
          null,
          null,
          1,
          1,
          1,
          null,
          0,
          null,
          null,
          0,
          0,
          null,
          null,
          1,
          1,
          1,
          1,
          1,
          1,
          1,
          null,
          null,
          1,
          0,
          0,
          0,
          0,
          null,
          null,
          1,
          1,
          null,
          null,
          null,
          null
        ]
      },
      "/Users/chiuzuchilumbu/Documents/project/comfywings_api/api_comfywings/spec/helpers/vcr_helper.rb": {
        "lines": [
          null,
          null,
          1,
          1,
          null,
          null,
          1,
          1,
          1,
          null,
          1,
          3,
          3,
          3,
          null,
          null,
          null,
          1,
          15,
          null,
          null,
          null,
          null,
          null,
          null,
          1,
          15,
          981,
          981,
          981,
          981,
          null,
          15,
          null,
          null,
          1,
          15,
          null,
          null
        ]
      },
      "/Users/chiuzuchilumbu/Documents/project/comfywings_api/api_comfywings/spec/helpers/database_helper.rb": {
        "lines": [
          null,
          null,
          null,
          1,
          null,
          1,
          null,
          9,
          9,
          9,
          9,
          9,
          null,
          null
        ]
      },
      "/Users/chiuzuchilumbu/Documents/project/comfywings_api/api_comfywings/spec/tests/integration/gateway_database_spec.rb": {
        "lines": [
          null,
          null,
          1,
          1,
          1,
          1,
          1,
          1,
          null,
          1,
          1,
          null,
          1,
          null,
          6,
          null,
          null,
          1,
          6,
          6,
          null,
          null,
          1,
          1,
          1,
          null,
          1,
          1,
          null,
          null,
          1,
          1,
          1,
          1,
          null,
          null,
          null,
          1,
          1,
          1,
          null,
          1,
          1,
          1,
          1,
          null,
          null,
          1,
          1,
          1,
          1,
          null,
          null,
          null,
          1,
          1,
          1,
          1,
          null,
          1,
          null,
          null,
          null,
          null,
          null,
          null,
          null,
          null,
          null,
          null,
          null,
          null,
          null,
          1,
          null,
          1,
          1,
          1,
          1,
          null,
          null,
          null,
          1,
          1,
          1,
          null,
          null,
          null,
          null,
          1,
          1,
          1,
          null,
          null,
          1,
          1,
          1,
          1,
          null,
          1,
          1,
          1,
          1,
          1,
          1,
          1,
          1,
          1,
          1,
          1,
          1,
          null,
          1,
          1,
          1,
          1,
          1,
          1,
          1,
          1,
          1,
          1,
          1,
          null,
          1,
          1,
          1,
          1,
          1,
          1,
          1,
          1,
          1,
          1,
          1,
          null,
          null,
          null
        ]
      },
      "/Users/chiuzuchilumbu/Documents/project/comfywings_api/api_comfywings/spec/tests/unit/gateway_amadeus_spec.rb": {
        "lines": [
          null,
          null,
          1,
          1,
          null,
          1,
          null,
          1,
          1,
          null,
          1,
          null,
          6,
          null,
          null,
          1,
          6,
          null,
          null,
          1,
          1,
          1,
          null,
          1,
          1,
          null,
          null,
          null,
          1,
          1,
          2,
          null,
          null,
          1,
          1,
          null,
          null,
          1,
          1,
          1,
          1,
          1,
          null,
          null,
          null,
          1,
          1,
          1,
          1,
          null,
          null,
          null,
          null,
          1,
          1,
          1,
          null,
          null,
          null,
          null,
          1,
          1,
          1,
          null,
          null,
          null,
          null,
          null
        ]
      }
    },
    "timestamp": 1670298100
  }
}